╔═══════════════════════════════════════════╗
║  Automated Blog Post Generator            ║
║  One Click Coaching                       ║
╚═══════════════════════════════════════════╝

🤖 Starting automated blog post generation...

📚 Found 17 existing blog posts
🔍 Researching trending topics...

✅ Generated blog post: "Why Adding More Sales Training Makes Methodology Drift Worse"
📊 Reading time: 9 min
🎯 Keywords: sales training effectiveness, methodology drift, sales training ROI, sales certification programs, sales training failure, continuous sales coaching, sales methodology execution

🎨 Rhetorical devices used:
   1. Antithesis: 'Training teaches what to do. Pressure reveals what they actually do.'
   2. Epistrophe: 'They need more feedback. They need faster correction. They need a system...'
   3. Tricolon: 'They don't train more. They reinforce faster. They don't add workshops. They close feedback loops. They don't certify and hope. They measure and correct.'
   4. Antimetabole: 'Training fills the mind. Coaching changes the behavior.'
   5. Metaphor: 'Training teaches the map. Coaching walks the terrain.'
   6. Anaphora: 'Not because reps are careless. Because behavior change requires repetition...'

🎨 Generating cover image...
✅ Cover image generated successfully

📝 Creating blog post HTML...
✅ Created more-sales-training-makes-drift-worse.html

📋 Updating blog listing...
✅ Updated blog.html listing

╔═══════════════════════════════════════════╗
║  ✅ Blog Post Generated Successfully!     ║
╚═══════════════════════════════════════════╝

Title: Why Adding More Sales Training Makes Methodology Drift Worse
Slug: more-sales-training-makes-drift-worse
Files created:
  - blog/more-sales-training-makes-drift-worse.html
  - blog/images/more-sales-training-makes-drift-worse.png
  - blog.html (updated)

Reasoning:
This topic addresses a critical misconception that sales leaders face: the belief that more training solves methodology drift. It hasn't been covered in existing posts and targets the high-value insight that training and coaching are fundamentally different solutions to different problems. The post leverages the certification-to-execution gap concept (not yet covered), provides concrete before/after data, answers implicit PAA questions about training effectiveness, and positions continuous reinforcement as the inevitable solution. It's timely for 2026 as organizations are increasingly questioning traditional training ROI and looking for systematic alternatives. The topic naturally incorporates featured snippet opportunities around 'why sales training fails' and 'certification-to-execution gap' while maintaining the brand voice of calm, experienced pattern recognition rather than hype.

✨ Ready for review and PR creation!


---OUTPUT---
{
  "success": true,
  "title": "Why Adding More Sales Training Makes Methodology Drift Worse",
  "slug": "more-sales-training-makes-drift-worse",
  "files": [
    "blog/more-sales-training-makes-drift-worse.html",
    "blog/images/more-sales-training-makes-drift-worse.png",
    "blog.html"
  ]
}
---END OUTPUT---
